<?xml version="1.0" encoding="UTF-8"?>
<testsuite name="com.study.PaperworkApplicationTests" tests="1" skipped="0" failures="0" errors="0" timestamp="2017-07-04T13:22:57" hostname="bogon" time="0.006">
  <properties/>
  <testcase name="contextLoads" classname="com.study.PaperworkApplicationTests" time="0.006"/>
  <system-out><![CDATA[2017-07-04 21:22:56.774  INFO 22218 --- [    Test worker] .b.t.c.SpringBootTestContextBootstrapper : Neither @ContextConfiguration nor @ContextHierarchy found for test class [com.study.PaperworkApplicationTests], using SpringBootContextLoader
2017-07-04 21:22:56.775  INFO 22218 --- [    Test worker] o.s.t.c.support.AbstractContextLoader    : Could not detect default resource locations for test class [com.study.PaperworkApplicationTests]: no resource found for suffixes {-context.xml, Context.groovy}.
2017-07-04 21:22:56.776  INFO 22218 --- [    Test worker] t.c.s.AnnotationConfigContextLoaderUtils : Could not detect default configuration classes for test class [com.study.PaperworkApplicationTests]: PaperworkApplicationTests does not declare any static, non-private, non-final, nested classes annotated with @Configuration.
2017-07-04 21:22:56.787  INFO 22218 --- [    Test worker] .b.t.c.SpringBootTestContextBootstrapper : Found @SpringBootConfiguration com.study.PaperworkApplication for test class com.study.PaperworkApplicationTests
2017-07-04 21:22:56.791  INFO 22218 --- [    Test worker] .b.t.c.SpringBootTestContextBootstrapper : Loaded default TestExecutionListener class names from location [META-INF/spring.factories]: [org.springframework.boot.test.mock.mockito.MockitoTestExecutionListener, org.springframework.boot.test.mock.mockito.ResetMocksTestExecutionListener, org.springframework.boot.test.autoconfigure.restdocs.RestDocsTestExecutionListener, org.springframework.boot.test.autoconfigure.web.client.MockRestServiceServerResetTestExecutionListener, org.springframework.boot.test.autoconfigure.web.servlet.MockMvcPrintOnlyOnFailureTestExecutionListener, org.springframework.boot.test.autoconfigure.web.servlet.WebDriverTestExecutionListener, org.springframework.test.context.web.ServletTestExecutionListener, org.springframework.test.context.support.DirtiesContextBeforeModesTestExecutionListener, org.springframework.test.context.support.DependencyInjectionTestExecutionListener, org.springframework.test.context.support.DirtiesContextTestExecutionListener, org.springframework.test.context.transaction.TransactionalTestExecutionListener, org.springframework.test.context.jdbc.SqlScriptsTestExecutionListener]
2017-07-04 21:22:56.796  INFO 22218 --- [    Test worker] .b.t.c.SpringBootTestContextBootstrapper : Using TestExecutionListeners: [org.springframework.test.context.web.ServletTestExecutionListener@6c100cc7, org.springframework.test.context.support.DirtiesContextBeforeModesTestExecutionListener@262fc37a, org.springframework.boot.test.autoconfigure.SpringBootDependencyInjectionTestExecutionListener@3f50d3e4, org.springframework.test.context.support.DirtiesContextTestExecutionListener@7a95f723, org.springframework.test.context.transaction.TransactionalTestExecutionListener@168fba82, org.springframework.test.context.jdbc.SqlScriptsTestExecutionListener@4ee39f3a, org.springframework.boot.test.mock.mockito.ResetMocksTestExecutionListener@7795aaf1, org.springframework.boot.test.autoconfigure.web.servlet.WebDriverTestExecutionListener@226c77cf, org.springframework.boot.test.autoconfigure.restdocs.RestDocsTestExecutionListener@495c82aa, org.springframework.boot.test.autoconfigure.web.client.MockRestServiceServerResetTestExecutionListener@1b14def4, org.springframework.boot.test.mock.mockito.MockitoTestExecutionListener@418c3d45, org.springframework.boot.test.autoconfigure.web.servlet.MockMvcPrintOnlyOnFailureTestExecutionListener@1fe8b4]

  .   ____          _            __ _ _
 /\\ / ___'_ __ _ _(_)_ __  __ _ \ \ \ \
( ( )\___ | '_ | '_| | '_ \/ _` | \ \ \ \
 \\/  ___)| |_)| | | | | || (_| |  ) ) ) )
  '  |____| .__|_| |_|_| |_\__, | / / / /
 =========|_|==============|___/=/_/_/_/
 :: Spring Boot ::        (v1.5.3.RELEASE)

2017-07-04 21:22:56.868  INFO 22218 --- [    Test worker] com.study.PaperworkApplicationTests      : Starting PaperworkApplicationTests on bogon with PID 22218 (started by yuwhuawang in /Users/yuwhuawang/paperwork)
2017-07-04 21:22:56.868  INFO 22218 --- [    Test worker] com.study.PaperworkApplicationTests      : The following profiles are active: dev
2017-07-04 21:22:56.873  INFO 22218 --- [    Test worker] o.s.w.c.s.GenericWebApplicationContext   : Refreshing org.springframework.web.context.support.GenericWebApplicationContext@34c9a92a: startup date [Tue Jul 04 21:22:56 CST 2017]; root of context hierarchy
2017-07-04 21:22:57.318  INFO 22218 --- [    Test worker] org.mongodb.driver.cluster               : Cluster created with settings {hosts=[127.0.0.1:27017], mode=SINGLE, requiredClusterType=UNKNOWN, serverSelectionTimeout='30000 ms', maxWaitQueueSize=500}
2017-07-04 21:22:57.324  INFO 22218 --- [127.0.0.1:27017] org.mongodb.driver.connection            : Opened connection [connectionId{localValue:4, serverValue:13}] to 127.0.0.1:27017
2017-07-04 21:22:57.326  INFO 22218 --- [127.0.0.1:27017] org.mongodb.driver.cluster               : Monitor thread successfully connected to server with description ServerDescription{address=127.0.0.1:27017, type=STANDALONE, state=CONNECTED, ok=true, version=ServerVersion{versionList=[3, 2, 10]}, minWireVersion=0, maxWireVersion=4, maxDocumentSize=16777216, roundTripTimeNanos=693230}
2017-07-04 21:22:57.368  INFO 22218 --- [    Test worker] org.mongodb.driver.cluster               : Cluster created with settings {hosts=[127.0.0.1:27017], mode=SINGLE, requiredClusterType=UNKNOWN, serverSelectionTimeout='30000 ms', maxWaitQueueSize=500}
2017-07-04 21:22:57.374  INFO 22218 --- [127.0.0.1:27017] org.mongodb.driver.connection            : Opened connection [connectionId{localValue:5, serverValue:14}] to 127.0.0.1:27017
2017-07-04 21:22:57.375  INFO 22218 --- [127.0.0.1:27017] org.mongodb.driver.cluster               : Monitor thread successfully connected to server with description ServerDescription{address=127.0.0.1:27017, type=STANDALONE, state=CONNECTED, ok=true, version=ServerVersion{versionList=[3, 2, 10]}, minWireVersion=0, maxWireVersion=4, maxDocumentSize=16777216, roundTripTimeNanos=889212}
2017-07-04 21:22:57.618  INFO 22218 --- [    Test worker] s.w.s.m.m.a.RequestMappingHandlerAdapter : Looking for @ControllerAdvice: org.springframework.web.context.support.GenericWebApplicationContext@34c9a92a: startup date [Tue Jul 04 21:22:56 CST 2017]; root of context hierarchy
2017-07-04 21:22:57.638  INFO 22218 --- [    Test worker] s.w.s.m.m.a.RequestMappingHandlerMapping : Mapped "{[/hello],methods=[GET]}" onto public java.lang.String com.study.controller.home.IndexController.index(org.springframework.ui.Model)
2017-07-04 21:22:57.641  INFO 22218 --- [    Test worker] s.w.s.m.m.a.RequestMappingHandlerMapping : Mapped "{[/error]}" onto public org.springframework.http.ResponseEntity<java.util.Map<java.lang.String, java.lang.Object>> org.springframework.boot.autoconfigure.web.BasicErrorController.error(javax.servlet.http.HttpServletRequest)
2017-07-04 21:22:57.642  INFO 22218 --- [    Test worker] s.w.s.m.m.a.RequestMappingHandlerMapping : Mapped "{[/error],produces=[text/html]}" onto public org.springframework.web.servlet.ModelAndView org.springframework.boot.autoconfigure.web.BasicErrorController.errorHtml(javax.servlet.http.HttpServletRequest,javax.servlet.http.HttpServletResponse)
2017-07-04 21:22:57.666  INFO 22218 --- [    Test worker] o.s.w.s.handler.SimpleUrlHandlerMapping  : Mapped URL path [/webjars/**] onto handler of type [class org.springframework.web.servlet.resource.ResourceHttpRequestHandler]
2017-07-04 21:22:57.667  INFO 22218 --- [    Test worker] o.s.w.s.handler.SimpleUrlHandlerMapping  : Mapped URL path [/**] onto handler of type [class org.springframework.web.servlet.resource.ResourceHttpRequestHandler]
2017-07-04 21:22:57.709  INFO 22218 --- [    Test worker] o.s.w.s.handler.SimpleUrlHandlerMapping  : Mapped URL path [/**/favicon.ico] onto handler of type [class org.springframework.web.servlet.resource.ResourceHttpRequestHandler]
2017-07-04 21:22:57.952  INFO 22218 --- [    Test worker] com.study.PaperworkApplication           : ************************************************************
2017-07-04 21:22:57.953  INFO 22218 --- [    Test worker] com.study.PaperworkApplication           : Start printing mongo objects
2017-07-04 21:22:57.953  INFO 22218 --- [    Test worker] com.study.PaperworkApplication           : ************************************************************
2017-07-04 21:22:57.962  INFO 22218 --- [    Test worker] org.mongodb.driver.connection            : Opened connection [connectionId{localValue:6, serverValue:15}] to 127.0.0.1:27017
2017-07-04 21:22:57.969  INFO 22218 --- [    Test worker] com.study.PaperworkApplication           : StudentsVo{username='haha', class_name='hehe'}
2017-07-04 21:22:57.969  INFO 22218 --- [    Test worker] com.study.PaperworkApplication           : StudentsVo{username='haha', class_name='hehe'}
2017-07-04 21:22:57.970  INFO 22218 --- [    Test worker] com.study.PaperworkApplication           : StudentsVo{username='haha', class_name='hehe'}
2017-07-04 21:22:57.970  INFO 22218 --- [    Test worker] com.study.PaperworkApplication           : StudentsVo{username='haha', class_name='hehe'}
2017-07-04 21:22:57.971  INFO 22218 --- [    Test worker] com.study.PaperworkApplication           : StudentsVo{username='haha', class_name='hehe'}
2017-07-04 21:22:57.971  INFO 22218 --- [    Test worker] com.study.PaperworkApplication           : ************************************************************
2017-07-04 21:22:57.971  INFO 22218 --- [    Test worker] com.study.PaperworkApplication           : Ended printing mongo objects
2017-07-04 21:22:57.971  INFO 22218 --- [    Test worker] com.study.PaperworkApplication           : ************************************************************
2017-07-04 21:22:57.972  INFO 22218 --- [    Test worker] com.study.PaperworkApplicationTests      : Started PaperworkApplicationTests in 1.165 seconds (JVM running for 7.724)
]]></system-out>
  <system-err><![CDATA[]]></system-err>
</testsuite>
